<?xml version="1.0" encoding="UTF-8"?>
<testsuite name="stockmonitor.AppTest" tests="1" skipped="0" failures="0" errors="0" timestamp="2024-11-27T20:31:34" hostname="DESKTOP-9D74791" time="0.032">
  <properties/>
  <testcase name="appHasAGreeting()" classname="stockmonitor.AppTest" time="0.032"/>
  <system-out><![CDATA[]]></system-out>
  <system-err><![CDATA[]]></system-err>
</testsuite>
